# JRE version: OpenJDK Runtime Environment (8.0_342-b07) (build 1.8.0_342-b07)
# Java VM: OpenJDK 64-Bit Server VM (25.342-b07 mixed mode windows-amd64 compressed oops)
Heap:
 PSYoungGen      total 520192K, used 214665K [0x0000000776180000, 0x0000000798000000, 0x00000007c0000000)
  eden space 501248K, 42% used [0x0000000776180000,0x0000000783322778,0x0000000794b00000)
  from space 18944K, 0% used [0x0000000796d80000,0x0000000796d80000,0x0000000798000000)
  to   space 23040K, 0% used [0x0000000795300000,0x0000000795300000,0x0000000796980000)
 ParOldGen       total 182272K, used 32527K [0x00000006e2400000, 0x00000006ed600000, 0x0000000776180000)
  object space 182272K, 17% used [0x00000006e2400000,0x00000006e43c3de0,0x00000006ed600000)
 Metaspace       used 58759K, capacity 62502K, committed 62848K, reserved 1103872K
  class space    used 7789K, capacity 8481K, committed 8576K, reserved 1048576K
GC Heap History (10 events):
Event: 4.062 GC heap before
{Heap before GC invocations=7 (full 1):
 PSYoungGen      total 238592K, used 46819K [0x0000000776180000, 0x000000078c000000, 0x00000007c0000000)
  eden space 229376K, 16% used [0x0000000776180000,0x000000077863b160,0x0000000784180000)
  from space 9216K, 99% used [0x0000000784180000,0x0000000784a7dd30,0x0000000784a80000)
  to   space 15872K, 0% used [0x000000078b080000,0x000000078b080000,0x000000078c000000)
 ParOldGen       total 87040K, used 15832K [0x00000006e2400000, 0x00000006e7900000, 0x0000000776180000)
  object space 87040K, 18% used [0x00000006e2400000,0x00000006e33761e0,0x00000006e7900000)
 Metaspace       used 33393K, capacity 35424K, committed 35496K, reserved 1079296K
  class space    used 4396K, capacity 4794K, committed 4864K, reserved 1048576K
Event: 4.066 GC heap after
Heap after GC invocations=7 (full 1):
 PSYoungGen      total 343552K, used 8780K [0x0000000776180000, 0x0000000790a80000, 0x00000007c0000000)
  eden space 327680K, 0% used [0x0000000776180000,0x0000000776180000,0x000000078a180000)
  from space 15872K, 55% used [0x000000078b080000,0x000000078b913288,0x000000078c000000)
  to   space 15360K, 0% used [0x000000078a180000,0x000000078a180000,0x000000078b080000)
 ParOldGen       total 87040K, used 15840K [0x00000006e2400000, 0x00000006e7900000, 0x0000000776180000)
  object space 87040K, 18% used [0x00000006e2400000,0x00000006e33781e0,0x00000006e7900000)
 Metaspace       used 33393K, capacity 35424K, committed 35496K, reserved 1079296K
  class space    used 4396K, capacity 4794K, committed 4864K, reserved 1048576K
}
Event: 4.066 GC heap before
{Heap before GC invocations=8 (full 2):
 PSYoungGen      total 343552K, used 8780K [0x0000000776180000, 0x0000000790a80000, 0x00000007c0000000)
  eden space 327680K, 0% used [0x0000000776180000,0x0000000776180000,0x000000078a180000)
  from space 15872K, 55% used [0x000000078b080000,0x000000078b913288,0x000000078c000000)
  to   space 15360K, 0% used [0x000000078a180000,0x000000078a180000,0x000000078b080000)
 ParOldGen       total 87040K, used 15840K [0x00000006e2400000, 0x00000006e7900000, 0x0000000776180000)
  object space 87040K, 18% used [0x00000006e2400000,0x00000006e33781e0,0x00000006e7900000)
 Metaspace       used 33393K, capacity 35424K, committed 35496K, reserved 1079296K
  class space    used 4396K, capacity 4794K, committed 4864K, reserved 1048576K
Event: 4.090 GC heap after
Heap after GC invocations=8 (full 2):
 PSYoungGen      total 343552K, used 0K [0x0000000776180000, 0x0000000790a80000, 0x00000007c0000000)
  eden space 327680K, 0% used [0x0000000776180000,0x0000000776180000,0x000000078a180000)
  from space 15872K, 0% used [0x000000078b080000,0x000000078b080000,0x000000078c000000)
  to   space 15360K, 0% used [0x000000078a180000,0x000000078a180000,0x000000078b080000)
 ParOldGen       total 129536K, used 14303K [0x00000006e2400000, 0x00000006ea280000, 0x0000000776180000)
  object space 129536K, 11% used [0x00000006e2400000,0x00000006e31f7e40,0x00000006ea280000)
 Metaspace       used 33393K, capacity 35424K, committed 35496K, reserved 1079296K
  class space    used 4396K, capacity 4794K, committed 4864K, reserved 1048576K
}
Event: 6.427 GC heap before
{Heap before GC invocations=9 (full 2):
 PSYoungGen      total 343552K, used 327680K [0x0000000776180000, 0x0000000790a80000, 0x00000007c0000000)
  eden space 327680K, 100% used [0x0000000776180000,0x000000078a180000,0x000000078a180000)
  from space 15872K, 0% used [0x000000078b080000,0x000000078b080000,0x000000078c000000)
  to   space 15360K, 0% used [0x000000078a180000,0x000000078a180000,0x000000078b080000)
 ParOldGen       total 129536K, used 14303K [0x00000006e2400000, 0x00000006ea280000, 0x0000000776180000)
  object space 129536K, 11% used [0x00000006e2400000,0x00000006e31f7e40,0x00000006ea280000)
 Metaspace       used 43801K, capacity 46410K, committed 46720K, reserved 1089536K
  class space    used 5937K, capacity 6431K, committed 6528K, reserved 1048576K
Event: 6.463 GC heap after
Heap after GC invocations=9 (full 2):
 PSYoungGen      total 343040K, used 15336K [0x0000000776180000, 0x0000000798000000, 0x00000007c0000000)
  eden space 327680K, 0% used [0x0000000776180000,0x0000000776180000,0x000000078a180000)
  from space 15360K, 99% used [0x000000078a180000,0x000000078b07a3c0,0x000000078b080000)
  to   space 18944K, 0% used [0x0000000796d80000,0x0000000796d80000,0x0000000798000000)
 ParOldGen       total 129536K, used 17328K [0x00000006e2400000, 0x00000006ea280000, 0x0000000776180000)
  object space 129536K, 13% used [0x00000006e2400000,0x00000006e34ec158,0x00000006ea280000)
 Metaspace       used 43801K, capacity 46410K, committed 46720K, reserved 1089536K
  class space    used 5937K, capacity 6431K, committed 6528K, reserved 1048576K
}
Event: 9.810 GC heap before
{Heap before GC invocations=10 (full 2):
 PSYoungGen      total 343040K, used 314942K [0x0000000776180000, 0x0000000798000000, 0x00000007c0000000)
  eden space 327680K, 91% used [0x0000000776180000,0x0000000788615770,0x000000078a180000)
  from space 15360K, 99% used [0x000000078a180000,0x000000078b07a3c0,0x000000078b080000)
  to   space 18944K, 0% used [0x0000000796d80000,0x0000000796d80000,0x0000000798000000)
 ParOldGen       total 129536K, used 17328K [0x00000006e2400000, 0x00000006ea280000, 0x0000000776180000)
  object space 129536K, 13% used [0x00000006e2400000,0x00000006e34ec158,0x00000006ea280000)
 Metaspace       used 55769K, capacity 59024K, committed 59136K, reserved 1099776K
  class space    used 7341K, capacity 7926K, committed 7936K, reserved 1048576K
Event: 9.826 GC heap after
Heap after GC invocations=10 (full 2):
 PSYoungGen      total 520192K, used 18933K [0x0000000776180000, 0x0000000798000000, 0x00000007c0000000)
  eden space 501248K, 0% used [0x0000000776180000,0x0000000776180000,0x0000000794b00000)
  from space 18944K, 99% used [0x0000000796d80000,0x0000000797ffd6b8,0x0000000798000000)
  to   space 23040K, 0% used [0x0000000795300000,0x0000000795300000,0x0000000796980000)
 ParOldGen       total 129536K, used 20231K [0x00000006e2400000, 0x00000006ea280000, 0x0000000776180000)
  object space 129536K, 15% used [0x00000006e2400000,0x00000006e37c1c70,0x00000006ea280000)
 Metaspace       used 55769K, capacity 59024K, committed 59136K, reserved 1099776K
  class space    used 7341K, capacity 7926K, committed 7936K, reserved 1048576K
}
Event: 9.826 GC heap before
{Heap before GC invocations=11 (full 3):
 PSYoungGen      total 520192K, used 18933K [0x0000000776180000, 0x0000000798000000, 0x00000007c0000000)
  eden space 501248K, 0% used [0x0000000776180000,0x0000000776180000,0x0000000794b00000)
  from space 18944K, 99% used [0x0000000796d80000,0x0000000797ffd6b8,0x0000000798000000)
  to   space 23040K, 0% used [0x0000000795300000,0x0000000795300000,0x0000000796980000)
 ParOldGen       total 129536K, used 20231K [0x00000006e2400000, 0x00000006ea280000, 0x0000000776180000)
  object space 129536K, 15% used [0x00000006e2400000,0x00000006e37c1c70,0x00000006ea280000)
 Metaspace       used 55769K, capacity 59024K, committed 59136K, reserved 1099776K
  class space    used 7341K, capacity 7926K, committed 7936K, reserved 1048576K
Event: 9.942 GC heap after
Heap after GC invocations=11 (full 3):
 PSYoungGen      total 520192K, used 0K [0x0000000776180000, 0x0000000798000000, 0x00000007c0000000)
  eden space 501248K, 0% used [0x0000000776180000,0x0000000776180000,0x0000000794b00000)
  from space 18944K, 0% used [0x0000000796d80000,0x0000000796d80000,0x0000000798000000)
  to   space 23040K, 0% used [0x0000000795300000,0x0000000795300000,0x0000000796980000)
 ParOldGen       total 182272K, used 32527K [0x00000006e2400000, 0x00000006ed600000, 0x0000000776180000)
  object space 182272K, 17% used [0x00000006e2400000,0x00000006e43c3de0,0x00000006ed600000)
 Metaspace       used 55769K, capacity 59024K, committed 59136K, reserved 1099776K
  class space    used 7341K, capacity 7926K, committed 7936K, reserved 1048576K
}

